#
# A fatal error has been detected by the Java Runtime Environment:
#
#  EXCEPTION_ACCESS_VIOLATION (0xc0000005) at pc=0x0a0f9e69, pid=6268, tid=5528
#
# JRE version: 6.0_31-b05
# Java VM: Java HotSpot(TM) Client VM (20.6-b01 mixed mode, sharing windows-x86 )
# Problematic frame:
# C  [rxtxSerial.dll+0x9e69]
#
# If you would like to submit a bug report, please visit:
#   http://java.sun.com/webapps/bugreport/crash.jsp
# The crash happened outside the Java Virtual Machine in native code.
# See problematic frame for where to report the bug.
#

---------------  T H R E A D  ---------------

Current thread (0x03fcc800):  JavaThread "Thread-5" [_thread_in_native, id=5528, stack(0x0a110000,0x0a160000)]

siginfo: ExceptionCode=0xc0000005, writing address 0x082df730

Registers:
EAX=0x082df728, EBX=0x6d9603a0, ECX=0x0000003d, EDX=0x00000000
ESP=0x0a15f640, EBP=0x0a15f828, ESI=0x00000001, EDI=0x03fcc800
EIP=0x0a0f9e69, EFLAGS=0x00010202

Top of Stack: (sp=0x0a15f640)
0x0a15f640:   6d9603a0 6d903900 23b10000 00000081
0x0a15f650:   00c40000 01b0fe08 0a15f734 77505d34
0x0a15f660:   77505d63 7da90180 00000400 082df728
0x0a15f670:   00000008 00000000 00000001 00000001
0x0a15f680:   6d91e33e 00000002 00000000 00c40000
0x0a15f690:   00000000 00000000 26010027 23b10000
0x0a15f6a0:   6d923c44 03fcc800 23b10000 0a15f6d0
0x0a15f6b0:   00c40000 00000002 01b0fe08 18080313 

Instructions: (pc=0x0a0f9e69)
0x0a0f9e49:   38 0b 74 27 83 c4 f4 68 e0 9b 0f 0a e8 d2 27 00
0x0a0f9e59:   00 83 c4 10 8b 85 44 fe ff ff 8b 95 4c fe ff ff
0x0a0f9e69:   89 50 08 b8 ff ff ff ff eb 5d 90 8b 85 44 fe ff
0x0a0f9e79:   ff 8b 95 4c fe ff ff 89 50 08 b8 ff ff ff ff eb 


Register to memory mapping:

EAX=0x082df728 is an unknown value
EBX=0x6d9603a0 is an unknown value
ECX=0x0000003d is an unknown value
EDX=0x00000000 is an unknown value
ESP=0x0a15f640 is pointing into the stack for thread: 0x03fcc800
EBP=0x0a15f828 is pointing into the stack for thread: 0x03fcc800
ESI=0x00000001 is an unknown value
EDI=0x03fcc800 is a thread


Stack: [0x0a110000,0x0a160000],  sp=0x0a15f640,  free space=317k
Native frames: (J=compiled Java code, j=interpreted, Vv=VM code, C=native code)
C  [rxtxSerial.dll+0x9e69]  Java_gnu_io_RXTXPort_nativeSetEndOfInputChar+0x3a9
C  [rxtxSerial.dll+0xa20b]  Java_gnu_io_RXTXPort_readArray+0xc3
J  gnu.io.RXTXPort.readArray([BII)I
J  gnu.io.RXTXPort$SerialInputStream.read([BII)I
j  java.lang.Thread.run()V+11
v  ~StubRoutines::call_stub
V  [jvm.dll+0xfac3b]
V  [jvm.dll+0x18c3a1]
V  [jvm.dll+0xfade1]
V  [jvm.dll+0xfae3b]
V  [jvm.dll+0xb5569]
V  [jvm.dll+0x118f14]
V  [jvm.dll+0x140ffc]
C  [msvcr71.dll+0x9565]  endthreadex+0xa0
C  [kernel32.dll+0x4ed6c]  BaseThreadInitThunk+0x12
C  [ntdll.dll+0x6377b]  RtlInitializeExceptionChain+0xef
C  [ntdll.dll+0x6374e]  RtlInitializeExceptionChain+0xc2

Java frames: (J=compiled Java code, j=interpreted, Vv=VM code)
J  gnu.io.RXTXPort.readArray([BII)I
J  gnu.io.RXTXPort$SerialInputStream.read([BII)I
J  gnu.io.RXTXPort$SerialInputStream.read([B)I
j  org.ijs.vesna.otadebugger.communicator.Comunicator$SerialReader.run()V+13
j  java.lang.Thread.run()V+11
v  ~StubRoutines::call_stub

---------------  P R O C E S S  ---------------

Java Threads: ( => current thread )
=>0x03fcc800 JavaThread "Thread-5" [_thread_in_native, id=5528, stack(0x0a110000,0x0a160000)]
  0x03fcbc00 JavaThread "SwingWorker-pool-2-thread-1" daemon [_thread_blocked, id=4572, stack(0x0a0a0000,0x0a0f0000)]
  0x03fca800 JavaThread "D3D Screen Updater" daemon [_thread_blocked, id=7424, stack(0x08b10000,0x08b60000)]
  0x03fa7c00 JavaThread "Swing-Shell" daemon [_thread_blocked, id=6112, stack(0x082f0000,0x08340000)]
  0x03fa0c00 JavaThread "TimerQueue" daemon [_thread_blocked, id=7736, stack(0x08240000,0x08290000)]
  0x00c49800 JavaThread "DestroyJavaVM" [_thread_blocked, id=3372, stack(0x00280000,0x002d0000)]
  0x03ee5000 JavaThread "AWT-EventQueue-0" [_thread_in_native, id=6804, stack(0x043a0000,0x043f0000)]
  0x01b5f000 JavaThread "AWT-Windows" daemon [_thread_in_native, id=6604, stack(0x04350000,0x043a0000)]
  0x01b5ec00 JavaThread "AWT-Shutdown" [_thread_blocked, id=6224, stack(0x04200000,0x04250000)]
  0x01b5e400 JavaThread "Java2D Disposer" daemon [_thread_blocked, id=7280, stack(0x041b0000,0x04200000)]
  0x01aff400 JavaThread "Low Memory Detector" daemon [_thread_blocked, id=5456, stack(0x03df0000,0x03e40000)]
  0x01aea400 JavaThread "C1 CompilerThread0" daemon [_thread_blocked, id=1964, stack(0x03da0000,0x03df0000)]
  0x01ae9000 JavaThread "Attach Listener" daemon [_thread_blocked, id=6212, stack(0x03d50000,0x03da0000)]
  0x01ae6000 JavaThread "Signal Dispatcher" daemon [_thread_blocked, id=8140, stack(0x03d00000,0x03d50000)]
  0x01adc000 JavaThread "Finalizer" daemon [_thread_blocked, id=6720, stack(0x03cb0000,0x03d00000)]
  0x01adac00 JavaThread "Reference Handler" daemon [_thread_blocked, id=7584, stack(0x03c60000,0x03cb0000)]

Other Threads:
  0x01a9e000 VMThread [stack: 0x03c10000,0x03c60000] [id=6684]
  0x01b1b000 WatcherThread [stack: 0x03e40000,0x03e90000] [id=8184]

VM state:not at safepoint (normal execution)

VM Mutex/Monitor currently owned by a thread: None

Heap
 def new generation   total 4928K, used 765K [0x23b10000, 0x24060000, 0x29060000)
  eden space 4416K,   5% used [0x23b10000, 0x23b4f440, 0x23f60000)
  from space 512K, 100% used [0x23fe0000, 0x24060000, 0x24060000)
  to   space 512K,   0% used [0x23f60000, 0x23f60000, 0x23fe0000)
 tenured generation   total 10944K, used 1582K [0x29060000, 0x29b10000, 0x33b10000)
   the space 10944K,  14% used [0x29060000, 0x291eb990, 0x291eba00, 0x29b10000)
 compacting perm gen  total 12288K, used 3474K [0x33b10000, 0x34710000, 0x37b10000)
   the space 12288K,  28% used [0x33b10000, 0x33e749f8, 0x33e74a00, 0x34710000)
    ro space 10240K,  54% used [0x37b10000, 0x3808ee00, 0x3808ee00, 0x38510000)
    rw space 12288K,  55% used [0x38510000, 0x38bb2800, 0x38bb2800, 0x39110000)

Code Cache  [0x01b60000, 0x01c78000, 0x03b60000)
 total_blobs=689 nmethods=473 adapters=152 free_code_cache=32419264 largest_free_block=0

Dynamic libraries:
0x00400000 - 0x00425000 	C:\Program Files\Java\jdk1.6.0_31\bin\java.exe
0x774b0000 - 0x775ec000 	C:\Windows\SYSTEM32\ntdll.dll
0x773d0000 - 0x774a4000 	C:\Windows\system32\kernel32.dll
0x75780000 - 0x757ca000 	C:\Windows\system32\KERNELBASE.dll
0x77640000 - 0x776e0000 	C:\Windows\system32\ADVAPI32.dll
0x76ec0000 - 0x76f6c000 	C:\Windows\system32\msvcrt.dll
0x76ad0000 - 0x76ae9000 	C:\Windows\SYSTEM32\sechost.dll
0x76c50000 - 0x76cf1000 	C:\Windows\system32\RPCRT4.dll
0x7c340000 - 0x7c396000 	C:\Program Files\Java\jdk1.6.0_31\jre\bin\msvcr71.dll
0x6d8c0000 - 0x6db6f000 	C:\Program Files\Java\jdk1.6.0_31\jre\bin\client\jvm.dll
0x75c80000 - 0x75d49000 	C:\Windows\system32\USER32.dll
0x775f0000 - 0x7763e000 	C:\Windows\system32\GDI32.dll
0x75a30000 - 0x75a3a000 	C:\Windows\system32\LPK.dll
0x77130000 - 0x771cd000 	C:\Windows\system32\USP10.dll
0x73ed0000 - 0x73f02000 	C:\Windows\system32\WINMM.dll
0x76ea0000 - 0x76ebf000 	C:\Windows\system32\IMM32.DLL
0x76af0000 - 0x76bbc000 	C:\Windows\system32\MSCTF.dll
0x75540000 - 0x7558c000 	C:\Windows\system32\apphelp.dll
0x6d870000 - 0x6d87c000 	C:\Program Files\Java\jdk1.6.0_31\jre\bin\verify.dll
0x6d3d0000 - 0x6d3ef000 	C:\Program Files\Java\jdk1.6.0_31\jre\bin\java.dll
0x6d8b0000 - 0x6d8bf000 	C:\Program Files\Java\jdk1.6.0_31\jre\bin\zip.dll
0x6d0b0000 - 0x6d1fc000 	C:\Program Files\Java\jdk1.6.0_31\jre\bin\awt.dll
0x74b50000 - 0x74ba1000 	C:\Windows\system32\WINSPOOL.DRV
0x77270000 - 0x773cc000 	C:\Windows\system32\ole32.dll
0x74440000 - 0x745de000 	C:\Windows\WinSxS\x86_microsoft.windows.common-controls_6595b64144ccf1df_6.0.7601.17514_none_41e6975e2bd6f2b2\COMCTL32.dll
0x75c20000 - 0x75c77000 	C:\Windows\system32\SHLWAPI.dll
0x73f40000 - 0x73f53000 	C:\Windows\system32\DWMAPI.DLL
0x742c0000 - 0x74300000 	C:\Windows\system32\uxtheme.dll
0x10000000 - 0x1007d000 	C:\Program Files\Hewlett-Packard\HP ProtectTools Security Manager\Bin\DpoFeedb.dll
0x771e0000 - 0x7726f000 	C:\Windows\system32\OLEAUT32.dll
0x74a40000 - 0x74a49000 	C:\Windows\system32\VERSION.dll
0x74cf0000 - 0x74d07000 	C:\Windows\system32\USERENV.dll
0x75640000 - 0x7564b000 	C:\Windows\system32\profapi.dll
0x75590000 - 0x7559c000 	C:\Windows\system32\CRYPTBASE.dll
0x00c30000 - 0x00c3f000 	C:\Program Files\Allway Sync\Bin\SyncHook.dll
0x639e0000 - 0x639ff000 	C:\Program Files\Hewlett-Packard\HP ProtectTools Security Manager\Bin\DpoSet.dll
0x70330000 - 0x703be000 	C:\Windows\WinSxS\x86_microsoft.vc90.crt_1fc8b3b9a1e18e3b_9.0.30729.6161_none_50934f2ebcb7eb57\MSVCP90.dll
0x716b0000 - 0x71753000 	C:\Windows\WinSxS\x86_microsoft.vc90.crt_1fc8b3b9a1e18e3b_9.0.30729.6161_none_50934f2ebcb7eb57\MSVCR90.dll
0x6d2e0000 - 0x6d32f000 	C:\Program Files\Java\jdk1.6.0_31\jre\bin\fontmanager.dll
0x6d510000 - 0x6d6d3000 	C:\Windows\system32\d3d9.dll
0x6d400000 - 0x6d406000 	C:\Windows\system32\d3d8thk.dll
0x5d120000 - 0x5dca3000 	C:\Windows\system32\nvd3dum.dll
0x74080000 - 0x740a5000 	C:\Windows\system32\powrprof.dll
0x75a80000 - 0x75c1d000 	C:\Windows\system32\SETUPAPI.dll
0x75910000 - 0x75937000 	C:\Windows\system32\CFGMGR32.dll
0x757d0000 - 0x757e2000 	C:\Windows\system32\DEVOBJ.dll
0x75e80000 - 0x76aca000 	C:\Windows\system32\shell32.dll
0x045b0000 - 0x045c3000 	C:\Program Files\Java\jdk1.6.0_31\jre\bin\net.dll
0x75a40000 - 0x75a75000 	C:\Windows\system32\WS2_32.dll
0x771d0000 - 0x771d6000 	C:\Windows\system32\NSI.dll
0x75070000 - 0x750ac000 	C:\Windows\system32\mswsock.dll
0x75240000 - 0x75246000 	C:\Windows\System32\wship6.dll
0x045f0000 - 0x045f9000 	C:\Program Files\Java\jdk1.6.0_31\jre\bin\nio.dll
0x76bc0000 - 0x76c43000 	C:\Windows\system32\CLBCatQ.DLL
0x74300000 - 0x743f5000 	C:\Windows\system32\propsys.dll
0x74640000 - 0x74661000 	C:\Windows\system32\ntmarta.dll
0x759b0000 - 0x759f5000 	C:\Windows\system32\WLDAP32.dll
0x618e0000 - 0x61a78000 	C:\Windows\system32\NetworkExplorer.dll
0x62f00000 - 0x62f2e000 	C:\Windows\System32\shdocvw.dll
0x73450000 - 0x7345a000 	C:\Windows\system32\slc.dll
0x73d00000 - 0x73dfb000 	C:\Windows\system32\WindowsCodecs.dll
0x6b3f0000 - 0x6b402000 	C:\Program Files\Common Files\TortoiseOverlays\TortoiseOverlays.dll
0x085e0000 - 0x085ed000 	C:\Program Files\TortoiseSVN\bin\TortoiseStub32.dll
0x67a20000 - 0x67a8a000 	C:\Program Files\TortoiseSVN\bin\TortoiseSVN32.dll
0x76d80000 - 0x76e9b000 	C:\Windows\system32\WININET.dll
0x75d50000 - 0x75d53000 	C:\Windows\system32\Normaliz.dll
0x76f70000 - 0x77128000 	C:\Windows\system32\iertutil.dll
0x75d60000 - 0x75e71000 	C:\Windows\system32\urlmon.dll
0x62f30000 - 0x6321b000 	C:\Program Files\TortoiseSVN\bin\libsvn_tsvn32.dll
0x6b3c0000 - 0x6b3e4000 	C:\Program Files\TortoiseSVN\bin\libapr_tsvn32.dll
0x642d0000 - 0x6438f000 	C:\Windows\system32\MSVCR100.dll
0x679e0000 - 0x67a16000 	C:\Program Files\TortoiseSVN\bin\libaprutil_tsvn32.dll
0x6b0f0000 - 0x6b0fd000 	C:\Program Files\TortoiseSVN\bin\intl3_tsvn32.dll
0x697c0000 - 0x697d3000 	C:\Program Files\TortoiseSVN\bin\libsasl32.dll
0x753e0000 - 0x753e8000 	C:\Windows\system32\Secur32.dll
0x75520000 - 0x7553b000 	C:\Windows\system32\SSPICLI.DLL
0x757f0000 - 0x7590d000 	C:\Windows\system32\CRYPT32.dll
0x756b0000 - 0x756bc000 	C:\Windows\system32\MSASN1.dll
0x64260000 - 0x642c9000 	C:\Windows\system32\MSVCP100.dll
0x08650000 - 0x08667000 	C:\Users\Matevz\AppData\Roaming\Dropbox\bin\DropboxExt.14.dll
0x6dd70000 - 0x6de5b000 	C:\Windows\system32\dbghelp.dll
0x7c3a0000 - 0x7c41b000 	C:\Users\Matevz\AppData\Roaming\Dropbox\bin\MSVCP71.dll
0x679a0000 - 0x679d1000 	C:\Windows\system32\EhStorShell.dll
0x62710000 - 0x62b1a000 	C:\PROGRA~1\MIF5BA~1\Office14\GROOVEEX.DLL
0x69740000 - 0x6976b000 	C:\Windows\WinSxS\x86_microsoft.vc90.atl_1fc8b3b9a1e18e3b_9.0.30729.6161_none_51cd0a7abbe4e19b\ATL90.DLL
0x622f0000 - 0x6270a000 	C:\PROGRA~1\COMMON~1\MICROS~1\OFFICE14\Cultures\office.odf
0x61a80000 - 0x622e5000 	C:\PROGRA~1\MIF5BA~1\Office14\1033\GrooveIntlResource.dll
0x70020000 - 0x70032000 	C:\Windows\system32\MPR.dll
0x726f0000 - 0x726f8000 	C:\Windows\System32\drprov.dll
0x755a0000 - 0x755c9000 	C:\Windows\System32\WINSTA.dll
0x699d0000 - 0x699e4000 	C:\Windows\System32\ntlanman.dll
0x6d850000 - 0x6d867000 	C:\Windows\System32\davclnt.dll
0x72700000 - 0x72708000 	C:\Windows\System32\DAVHLPR.dll
0x73cd0000 - 0x73cdf000 	C:\Windows\system32\wkscli.dll
0x6de60000 - 0x6de6b000 	C:\Windows\system32\cscapi.dll
0x73ec0000 - 0x73ec9000 	C:\Windows\system32\netutils.dll
0x62b30000 - 0x62d68000 	C:\Windows\system32\wpdshext.dll
0x74130000 - 0x742c0000 	C:\Windows\WinSxS\x86_microsoft.windows.gdiplus_6595b64144ccf1df_1.1.7601.17825_none_72d273598668a06b\gdiplus.dll
0x6ae70000 - 0x6aef9000 	C:\Windows\system32\PortableDeviceApi.dll
0x756c0000 - 0x756ed000 	C:\Windows\system32\WINTRUST.dll
0x66ff0000 - 0x6702f000 	C:\Windows\system32\audiodev.dll
0x6a7b0000 - 0x6aa17000 	C:\Windows\system32\WMVCore.DLL
0x71a80000 - 0x71abd000 	C:\Windows\system32\WMASF.DLL
0x640f0000 - 0x64112000 	C:\Windows\system32\EhStorAPI.dll
0x687a0000 - 0x687a9000 	C:\Windows\system32\LINKINFO.dll
0x73cc0000 - 0x73ccf000 	C:\Windows\system32\samcli.dll
0x74400000 - 0x74412000 	C:\Windows\system32\SAMLIB.dll
0x0a0f0000 - 0x0a102000 	C:\Program Files\Java\jdk1.6.0_31\jre\bin\rxtxSerial.dll
0x6c240000 - 0x6c267000 	C:\Windows\system32\crtdll.dll
0x759a0000 - 0x759a5000 	C:\Windows\system32\PSAPI.DLL

VM Arguments:
jvm_args: -Dfile.encoding=UTF-8 
java_command: org.ijs.vesna.otadebugger.gui.OtaDebuggerGui
Launcher Type: SUN_STANDARD

Environment Variables:
JAVA_HOME=C:\Program Files\Java\jdk1.6.0_31
PATH=C:\Program Files\MiKTeX 2.9\miktex\bin;C:\Program Files\Common Files\Microsoft Shared\Windows Live;C:\Program Files\PHP\;C:\Program Files\NVIDIA Corporation\PhysX\Common;C:\CodeSourcery\bin;C:\Windows\system32;C:\Windows;C:\Windows\System32\Wbem;C:\Windows\System32\WindowsPowerShell\v1.0\;C:\Program Files\Hewlett-Packard\Drive Encryption\;C:\Program Files\ActivIdentity\ActivClient\;C:\Program Files\Windows Live\Shared;C:\cygwin\bin;C:\Program Files\OpenOCD\0.4.0\bin;C:\Program Files\MySQL\MySQL Server 5.5\bin;C:\Program Files\Microsoft SQL Server\100\Tools\Binn\;C:\Program Files\Microsoft SQL Server\100\DTS\Binn\;C:\Program Files\Intel\WiFi\bin\;C:\Program Files\Common Files\Intel\WirelessCommon\;C:\Program Files\MATLAB\R2010b\runtime\win32;C:\Program Files\MATLAB\R2010b\bin;C:\Program Files\Java\jdk1.6.0_27\bin;C:\Program Files\TortoiseSVN\bin;C:\Python27;D:\Program Files\apache-maven-3.0.3\bin;C:\Program Files\OpenOCD\0.4.0\bin;C:\Program Files\Intel\WiFi\bin\;C:\Program Files\Common Files\Intel\WirelessCommon\;C:\Program Files\Java\jre6\bin;C:\Program Files\Java\jdk1.6.0_31\bin
USERNAME=Matevz
OS=Windows_NT
PROCESSOR_IDENTIFIER=x86 Family 6 Model 37 Stepping 5, GenuineIntel



---------------  S Y S T E M  ---------------

OS: Windows 7 Build 7601 Service Pack 1

CPU:total 4 (2 cores per cpu, 2 threads per core) family 6 model 37 stepping 5, cmov, cx8, fxsr, mmx, sse, sse2, sse3, ssse3, sse4.1, sse4.2, popcnt, ht

Memory: 4k page, physical 3128708k(843668k free), swap 6255660k(2807816k free)

vm_info: Java HotSpot(TM) Client VM (20.6-b01) for windows-x86 JRE (1.6.0_31-b05), built on Feb  3 2012 18:44:09 by "java_re" with MS VC++ 7.1 (VS2003)

time: Thu May 17 13:39:22 2012
elapsed time: 43 seconds

