#
# A fatal error has been detected by the Java Runtime Environment:
#
#  EXCEPTION_ACCESS_VIOLATION (0xc0000005) at pc=0x0a3d9ec4, pid=3972, tid=6896
#
# JRE version: 6.0_31-b05
# Java VM: Java HotSpot(TM) Client VM (20.6-b01 mixed mode, sharing windows-x86 )
# Problematic frame:
# C  [rxtxSerial.dll+0x9ec4]
#
# If you would like to submit a bug report, please visit:
#   http://java.sun.com/webapps/bugreport/crash.jsp
# The crash happened outside the Java Virtual Machine in native code.
# See problematic frame for where to report the bug.
#

---------------  T H R E A D  ---------------

Current thread (0x01abb400):  JavaThread "Thread-5" [_thread_in_native, id=6896, stack(0x08480000,0x084d0000)]

siginfo: ExceptionCode=0xc0000005, writing address 0x0847f6b0

Registers:
EAX=0x0847f6a8, EBX=0x6d9603a0, ECX=0x753a189f, EDX=0x00000001
ESP=0x084cf9c0, EBP=0x084cfba8, ESI=0x00000001, EDI=0x01abb400
EIP=0x0a3d9ec4, EFLAGS=0x00010202

Top of Stack: (sp=0x084cf9c0)
0x084cf9c0:   6d9603a0 00000305 23c21c80 291fcb18
0x084cf9d0:   00000000 23c21b68 00000083 00000083
0x084cf9e0:   00000083 00000083 00000400 0847f6a8
0x084cf9f0:   00000015 00000001 00000001 00000001
0x084cfa00:   003227a0 00327bc8 00322824 00320000
0x084cfa10:   019fc100 00000000 37010036 00000000
0x084cfa20:   03f20048 01a8c3f8 00000386 00001428
0x084cfa30:   00320000 00000002 019fc100 77002f77 

Instructions: (pc=0x0a3d9ec4)
0x0a3d9ea4:   e8 03 00 00 e8 e3 73 ff ff 83 c4 10 e9 cb fd ff
0x0a3d9eb4:   ff 8d 76 00 8b 85 44 fe ff ff 8b 95 4c fe ff ff
0x0a3d9ec4:   89 50 08 8b 55 f4 89 d0 eb 02 89 f6 8b 9d 18 fe
0x0a3d9ed4:   ff ff c9 c3 54 69 6d 65 6f 75 74 54 68 72 65 73 


Register to memory mapping:

EAX=0x0847f6a8 is an unknown value
EBX=0x6d9603a0 is an unknown value
ECX=0x753a189f is an unknown value
EDX=0x00000001 is an unknown value
ESP=0x084cf9c0 is pointing into the stack for thread: 0x01abb400
EBP=0x084cfba8 is pointing into the stack for thread: 0x01abb400
ESI=0x00000001 is an unknown value
EDI=0x01abb400 is a thread


Stack: [0x08480000,0x084d0000],  sp=0x084cf9c0,  free space=318k
Native frames: (J=compiled Java code, j=interpreted, Vv=VM code, C=native code)
C  [rxtxSerial.dll+0x9ec4]  Java_gnu_io_RXTXPort_nativeSetEndOfInputChar+0x404
C  [rxtxSerial.dll+0xa20b]  Java_gnu_io_RXTXPort_readArray+0xc3
J  gnu.io.RXTXPort.readArray([BII)I
J  gnu.io.RXTXPort$SerialInputStream.read([BII)I
j  java.lang.Thread.run()V+11
v  ~StubRoutines::call_stub
V  [jvm.dll+0xfac3b]
V  [jvm.dll+0x18c3a1]
V  [jvm.dll+0xfade1]
V  [jvm.dll+0xfae3b]
V  [jvm.dll+0xb5569]
V  [jvm.dll+0x118f14]
V  [jvm.dll+0x140ffc]
C  [msvcr71.dll+0x9565]  endthreadex+0xa0
C  [kernel32.dll+0x4ed6c]  BaseThreadInitThunk+0x12
C  [ntdll.dll+0x6377b]  RtlInitializeExceptionChain+0xef
C  [ntdll.dll+0x6374e]  RtlInitializeExceptionChain+0xc2

Java frames: (J=compiled Java code, j=interpreted, Vv=VM code)
J  gnu.io.RXTXPort.readArray([BII)I
J  gnu.io.RXTXPort$SerialInputStream.read([BII)I
J  gnu.io.RXTXPort$SerialInputStream.read([B)I
j  org.ijs.vesna.otadebugger.communicator.Comunicator$SerialReader.run()V+13
j  java.lang.Thread.run()V+11
v  ~StubRoutines::call_stub

---------------  P R O C E S S  ---------------

Java Threads: ( => current thread )
  0x04045400 JavaThread "SwingWorker-pool-2-thread-10" daemon [_thread_blocked, id=7628, stack(0x06f20000,0x06f70000)]
  0x04045000 JavaThread "SwingWorker-pool-2-thread-9" daemon [_thread_blocked, id=6900, stack(0x06ed0000,0x06f20000)]
  0x04044800 JavaThread "SwingWorker-pool-2-thread-8" daemon [_thread_blocked, id=4740, stack(0x06e30000,0x06e80000)]
  0x04044400 JavaThread "SwingWorker-pool-2-thread-7" daemon [_thread_blocked, id=2532, stack(0x06de0000,0x06e30000)]
  0x04043c00 JavaThread "SwingWorker-pool-2-thread-6" daemon [_thread_blocked, id=4728, stack(0x06d90000,0x06de0000)]
  0x04043800 JavaThread "SwingWorker-pool-2-thread-5" daemon [_thread_blocked, id=2104, stack(0x06c40000,0x06c90000)]
  0x04043000 JavaThread "SwingWorker-pool-2-thread-4" daemon [_thread_blocked, id=2108, stack(0x06bf0000,0x06c40000)]
  0x04042800 JavaThread "SwingWorker-pool-2-thread-3" daemon [_thread_blocked, id=4920, stack(0x06ba0000,0x06bf0000)]
  0x01aa1000 JavaThread "SwingWorker-pool-2-thread-2" daemon [_thread_blocked, id=2960, stack(0x06b50000,0x06ba0000)]
=>0x01abb400 JavaThread "Thread-5" [_thread_in_native, id=6896, stack(0x08480000,0x084d0000)]
  0x04058800 JavaThread "SwingWorker-pool-2-thread-1" daemon [_thread_blocked, id=1772, stack(0x0a380000,0x0a3d0000)]
  0x04050000 JavaThread "D3D Screen Updater" daemon [_thread_blocked, id=7020, stack(0x09870000,0x098c0000)]
  0x04023c00 JavaThread "Swing-Shell" daemon [_thread_blocked, id=188, stack(0x084e0000,0x08530000)]
  0x0401e000 JavaThread "TimerQueue" daemon [_thread_blocked, id=7276, stack(0x083e0000,0x08430000)]
  0x00329800 JavaThread "DestroyJavaVM" [_thread_blocked, id=2624, stack(0x00280000,0x002d0000)]
  0x03f61c00 JavaThread "AWT-EventQueue-0" [_thread_blocked, id=2604, stack(0x04510000,0x04560000)]
  0x03f61800 JavaThread "AWT-Windows" daemon [_thread_in_native, id=572, stack(0x04310000,0x04360000)]
  0x03f5f000 JavaThread "AWT-Shutdown" [_thread_blocked, id=7788, stack(0x042c0000,0x04310000)]
  0x03f5b000 JavaThread "Java2D Disposer" daemon [_thread_blocked, id=4604, stack(0x03e80000,0x03ed0000)]
  0x01a54400 JavaThread "Low Memory Detector" daemon [_thread_blocked, id=6660, stack(0x03de0000,0x03e30000)]
  0x01a50800 JavaThread "C1 CompilerThread0" daemon [_thread_blocked, id=3648, stack(0x03d90000,0x03de0000)]
  0x01a4fc00 JavaThread "Attach Listener" daemon [_thread_blocked, id=5968, stack(0x03d40000,0x03d90000)]
  0x01a4f800 JavaThread "Signal Dispatcher" daemon [_thread_blocked, id=5612, stack(0x03cf0000,0x03d40000)]
  0x01a3c400 JavaThread "Finalizer" daemon [_thread_blocked, id=6712, stack(0x03ca0000,0x03cf0000)]
  0x01a3ac00 JavaThread "Reference Handler" daemon [_thread_blocked, id=7324, stack(0x03c50000,0x03ca0000)]

Other Threads:
  0x019fe000 VMThread [stack: 0x03c00000,0x03c50000] [id=7208]
  0x01a5dc00 WatcherThread [stack: 0x03e30000,0x03e80000] [id=2992]

VM state:not at safepoint (normal execution)

VM Mutex/Monitor currently owned by a thread: None

Heap
 def new generation   total 4928K, used 3080K [0x23b10000, 0x24060000, 0x29060000)
  eden space 4416K,  67% used [0x23b10000, 0x23dfe3f0, 0x23f60000)
  from space 512K,  15% used [0x23f60000, 0x23f73c68, 0x23fe0000)
  to   space 512K,   0% used [0x23fe0000, 0x23fe0000, 0x24060000)
 tenured generation   total 10944K, used 2145K [0x29060000, 0x29b10000, 0x33b10000)
   the space 10944K,  19% used [0x29060000, 0x292784e8, 0x29278600, 0x29b10000)
 compacting perm gen  total 12288K, used 3487K [0x33b10000, 0x34710000, 0x37b10000)
   the space 12288K,  28% used [0x33b10000, 0x33e77fc8, 0x33e78000, 0x34710000)
    ro space 10240K,  54% used [0x37b10000, 0x3808ee00, 0x3808ee00, 0x38510000)
    rw space 12288K,  55% used [0x38510000, 0x38bb2800, 0x38bb2800, 0x39110000)

Code Cache  [0x01ac0000, 0x01c18000, 0x03ac0000)
 total_blobs=878 nmethods=661 adapters=152 free_code_cache=32156864 largest_free_block=0

Dynamic libraries:
0x00400000 - 0x00425000 	C:\Program Files\Java\jdk1.6.0_31\bin\java.exe
0x76fb0000 - 0x770ec000 	C:\Windows\SYSTEM32\ntdll.dll
0x76c50000 - 0x76d24000 	C:\Windows\system32\kernel32.dll
0x753a0000 - 0x753ea000 	C:\Windows\system32\KERNELBASE.dll
0x76960000 - 0x76a00000 	C:\Windows\system32\ADVAPI32.dll
0x75930000 - 0x759dc000 	C:\Windows\system32\msvcrt.dll
0x75ad0000 - 0x75ae9000 	C:\Windows\SYSTEM32\sechost.dll
0x75440000 - 0x754e1000 	C:\Windows\system32\RPCRT4.dll
0x7c340000 - 0x7c396000 	C:\Program Files\Java\jdk1.6.0_31\jre\bin\msvcr71.dll
0x6d8c0000 - 0x6db6f000 	C:\Program Files\Java\jdk1.6.0_31\jre\bin\client\jvm.dll
0x76a60000 - 0x76b29000 	C:\Windows\system32\USER32.dll
0x767a0000 - 0x767ee000 	C:\Windows\system32\GDI32.dll
0x76950000 - 0x7695a000 	C:\Windows\system32\LPK.dll
0x75a30000 - 0x75acd000 	C:\Windows\system32\USP10.dll
0x74110000 - 0x74142000 	C:\Windows\system32\WINMM.dll
0x77130000 - 0x7714f000 	C:\Windows\system32\IMM32.DLL
0x767f0000 - 0x768bc000 	C:\Windows\system32\MSCTF.dll
0x75070000 - 0x750bc000 	C:\Windows\system32\apphelp.dll
0x6d870000 - 0x6d87c000 	C:\Program Files\Java\jdk1.6.0_31\jre\bin\verify.dll
0x6d3d0000 - 0x6d3ef000 	C:\Program Files\Java\jdk1.6.0_31\jre\bin\java.dll
0x6d8b0000 - 0x6d8bf000 	C:\Program Files\Java\jdk1.6.0_31\jre\bin\zip.dll
0x6d0b0000 - 0x6d1fc000 	C:\Program Files\Java\jdk1.6.0_31\jre\bin\awt.dll
0x74650000 - 0x746a1000 	C:\Windows\system32\WINSPOOL.DRV
0x76e50000 - 0x76fac000 	C:\Windows\system32\ole32.dll
0x73a50000 - 0x73bee000 	C:\Windows\WinSxS\x86_microsoft.windows.common-controls_6595b64144ccf1df_6.0.7601.17514_none_41e6975e2bd6f2b2\COMCTL32.dll
0x76740000 - 0x76797000 	C:\Windows\system32\SHLWAPI.dll
0x736a0000 - 0x736b3000 	C:\Windows\system32\DWMAPI.DLL
0x739d0000 - 0x73a10000 	C:\Windows\system32\uxtheme.dll
0x10000000 - 0x1007d000 	C:\Program Files\Hewlett-Packard\HP ProtectTools Security Manager\Bin\DpoFeedb.dll
0x77150000 - 0x771df000 	C:\Windows\system32\OLEAUT32.dll
0x74540000 - 0x74549000 	C:\Windows\system32\VERSION.dll
0x74820000 - 0x74837000 	C:\Windows\system32\USERENV.dll
0x75140000 - 0x7514b000 	C:\Windows\system32\profapi.dll
0x750c0000 - 0x750cc000 	C:\Windows\system32\CRYPTBASE.dll
0x03ed0000 - 0x03edf000 	C:\Program Files\Allway Sync\Bin\SyncHook.dll
0x647a0000 - 0x647bf000 	C:\Program Files\Hewlett-Packard\HP ProtectTools Security Manager\Bin\DpoSet.dll
0x6fd50000 - 0x6fdde000 	C:\Windows\WinSxS\x86_microsoft.vc90.crt_1fc8b3b9a1e18e3b_9.0.30729.6161_none_50934f2ebcb7eb57\MSVCP90.dll
0x711e0000 - 0x71283000 	C:\Windows\WinSxS\x86_microsoft.vc90.crt_1fc8b3b9a1e18e3b_9.0.30729.6161_none_50934f2ebcb7eb57\MSVCR90.dll
0x6d2e0000 - 0x6d32f000 	C:\Program Files\Java\jdk1.6.0_31\jre\bin\fontmanager.dll
0x04760000 - 0x04923000 	C:\Windows\system32\d3d9.dll
0x6cff0000 - 0x6cff6000 	C:\Windows\system32\d3d8thk.dll
0x61220000 - 0x61da3000 	C:\Windows\system32\nvd3dum.dll
0x74350000 - 0x74375000 	C:\Windows\system32\powrprof.dll
0x754f0000 - 0x7568d000 	C:\Windows\system32\SETUPAPI.dll
0x752e0000 - 0x75307000 	C:\Windows\system32\CFGMGR32.dll
0x75420000 - 0x75432000 	C:\Windows\system32\DEVOBJ.dll
0x75af0000 - 0x7673a000 	C:\Windows\system32\shell32.dll
0x6d6b0000 - 0x6d6c3000 	C:\Program Files\Java\jdk1.6.0_31\jre\bin\net.dll
0x75730000 - 0x75765000 	C:\Windows\system32\WS2_32.dll
0x77120000 - 0x77126000 	C:\Windows\system32\NSI.dll
0x74bb0000 - 0x74bec000 	C:\Windows\system32\mswsock.dll
0x74ba0000 - 0x74ba6000 	C:\Windows\System32\wship6.dll
0x6d6d0000 - 0x6d6d9000 	C:\Program Files\Java\jdk1.6.0_31\jre\bin\nio.dll
0x768c0000 - 0x76943000 	C:\Windows\system32\CLBCatQ.DLL
0x74210000 - 0x74305000 	C:\Windows\system32\propsys.dll
0x74380000 - 0x743a1000 	C:\Windows\system32\ntmarta.dll
0x759e0000 - 0x75a25000 	C:\Windows\system32\WLDAP32.dll
0x65f60000 - 0x660f8000 	C:\Windows\system32\NetworkExplorer.dll
0x67700000 - 0x6772e000 	C:\Windows\System32\shdocvw.dll
0x735a0000 - 0x735aa000 	C:\Windows\system32\slc.dll
0x72ae0000 - 0x72bdb000 	C:\Windows\system32\WindowsCodecs.dll
0x68490000 - 0x684a2000 	C:\Program Files\Common Files\TortoiseOverlays\TortoiseOverlays.dll
0x68480000 - 0x6848d000 	C:\Program Files\TortoiseSVN\bin\TortoiseStub32.dll
0x68410000 - 0x6847a000 	C:\Program Files\TortoiseSVN\bin\TortoiseSVN32.dll
0x76b30000 - 0x76c4b000 	C:\Windows\system32\WININET.dll
0x75720000 - 0x75723000 	C:\Windows\system32\Normaliz.dll
0x75770000 - 0x75928000 	C:\Windows\system32\iertutil.dll
0x76d30000 - 0x76e41000 	C:\Windows\system32\urlmon.dll
0x680e0000 - 0x683cb000 	C:\Program Files\TortoiseSVN\bin\libsvn_tsvn32.dll
0x680b0000 - 0x680d4000 	C:\Program Files\TortoiseSVN\bin\libapr_tsvn32.dll
0x67ff0000 - 0x680af000 	C:\Windows\system32\MSVCR100.dll
0x67fb0000 - 0x67fe6000 	C:\Program Files\TortoiseSVN\bin\libaprutil_tsvn32.dll
0x67fa0000 - 0x67fad000 	C:\Program Files\TortoiseSVN\bin\intl3_tsvn32.dll
0x67f80000 - 0x67f93000 	C:\Program Files\TortoiseSVN\bin\libsasl32.dll
0x74f10000 - 0x74f18000 	C:\Windows\system32\Secur32.dll
0x75050000 - 0x7506b000 	C:\Windows\system32\SSPICLI.DLL
0x751c0000 - 0x752dd000 	C:\Windows\system32\CRYPT32.dll
0x751b0000 - 0x751bc000 	C:\Windows\system32\MSASN1.dll
0x67870000 - 0x678d9000 	C:\Windows\system32\MSVCP100.dll
0x08840000 - 0x08857000 	C:\Users\Matevz\AppData\Roaming\Dropbox\bin\DropboxExt.14.dll
0x08a00000 - 0x08aeb000 	C:\Windows\system32\dbghelp.dll
0x7c3a0000 - 0x7c41b000 	C:\Users\Matevz\AppData\Roaming\Dropbox\bin\MSVCP71.dll
0x67830000 - 0x67861000 	C:\Windows\system32\EhStorShell.dll
0x67010000 - 0x6741a000 	C:\PROGRA~1\MIF5BA~1\Office14\GROOVEEX.DLL
0x67800000 - 0x6782b000 	C:\Windows\WinSxS\x86_microsoft.vc90.atl_1fc8b3b9a1e18e3b_9.0.30729.6161_none_51cd0a7abbe4e19b\ATL90.DLL
0x66bf0000 - 0x6700a000 	C:\PROGRA~1\COMMON~1\MICROS~1\OFFICE14\Cultures\office.odf
0x66380000 - 0x66be5000 	C:\PROGRA~1\MIF5BA~1\Office14\1033\GrooveIntlResource.dll
0x6fb50000 - 0x6fb62000 	C:\Windows\system32\MPR.dll
0x62fc0000 - 0x62fc8000 	C:\Windows\System32\drprov.dll
0x74780000 - 0x747a9000 	C:\Windows\System32\WINSTA.dll
0x5e350000 - 0x5e364000 	C:\Windows\System32\ntlanman.dll
0x5e330000 - 0x5e347000 	C:\Windows\System32\davclnt.dll
0x5b2f0000 - 0x5b2f8000 	C:\Windows\System32\DAVHLPR.dll
0x72a90000 - 0x72a9f000 	C:\Windows\system32\wkscli.dll
0x08d80000 - 0x08d8b000 	C:\Windows\system32\cscapi.dll
0x72aa0000 - 0x72aa9000 	C:\Windows\system32\netutils.dll
0x65d20000 - 0x65f58000 	C:\Windows\system32\wpdshext.dll
0x73840000 - 0x739d0000 	C:\Windows\WinSxS\x86_microsoft.windows.gdiplus_6595b64144ccf1df_1.1.7601.17825_none_72d273598668a06b\gdiplus.dll
0x6a9e0000 - 0x6aa69000 	C:\Windows\system32\PortableDeviceApi.dll
0x753f0000 - 0x7541d000 	C:\Windows\system32\WINTRUST.dll
0x72ec0000 - 0x72eff000 	C:\Windows\system32\audiodev.dll
0x60bd0000 - 0x60e37000 	C:\Windows\system32\WMVCore.DLL
0x60f50000 - 0x60f8d000 	C:\Windows\system32\WMASF.DLL
0x5e6a0000 - 0x5e6c2000 	C:\Windows\system32\EhStorAPI.dll
0x67f60000 - 0x67f69000 	C:\Windows\system32\LINKINFO.dll
0x72a80000 - 0x72a8f000 	C:\Windows\system32\samcli.dll
0x73a10000 - 0x73a22000 	C:\Windows\system32\SAMLIB.dll
0x0a3d0000 - 0x0a3e2000 	C:\Program Files\Java\jdk1.6.0_31\jre\bin\rxtxSerial.dll
0x6c240000 - 0x6c267000 	C:\Windows\system32\crtdll.dll
0x75710000 - 0x75715000 	C:\Windows\system32\PSAPI.DLL

VM Arguments:
jvm_args: -Dfile.encoding=UTF-8 
java_command: org.ijs.vesna.otadebugger.gui.OtaDebuggerGui
Launcher Type: SUN_STANDARD

Environment Variables:
JAVA_HOME=C:\Program Files\Java\jdk1.6.0_31
PATH=C:\Program Files\MiKTeX 2.9\miktex\bin;C:\Program Files\Common Files\Microsoft Shared\Windows Live;C:\Program Files\PHP\;C:\Program Files\NVIDIA Corporation\PhysX\Common;C:\CodeSourcery\bin;C:\Windows\system32;C:\Windows;C:\Windows\System32\Wbem;C:\Windows\System32\WindowsPowerShell\v1.0\;C:\Program Files\Hewlett-Packard\Drive Encryption\;C:\Program Files\ActivIdentity\ActivClient\;C:\Program Files\Windows Live\Shared;C:\cygwin\bin;C:\Program Files\OpenOCD\0.4.0\bin;C:\Program Files\MySQL\MySQL Server 5.5\bin;C:\Program Files\Microsoft SQL Server\100\Tools\Binn\;C:\Program Files\Microsoft SQL Server\100\DTS\Binn\;C:\Program Files\Intel\WiFi\bin\;C:\Program Files\Common Files\Intel\WirelessCommon\;C:\Program Files\MATLAB\R2010b\runtime\win32;C:\Program Files\MATLAB\R2010b\bin;C:\Program Files\Java\jdk1.6.0_27\bin;C:\Program Files\TortoiseSVN\bin;C:\Python27;D:\Program Files\apache-maven-3.0.3\bin;C:\Program Files\OpenOCD\0.4.0\bin;C:\Program Files\Intel\WiFi\bin\;C:\Program Files\Common Files\Intel\WirelessCommon\;C:\Program Files\Java\jre6\bin;C:\Program Files\Java\jdk1.6.0_31\bin
USERNAME=Matevz
OS=Windows_NT
PROCESSOR_IDENTIFIER=x86 Family 6 Model 37 Stepping 5, GenuineIntel



---------------  S Y S T E M  ---------------

OS: Windows 7 Build 7601 Service Pack 1

CPU:total 4 (2 cores per cpu, 2 threads per core) family 6 model 37 stepping 5, cmov, cx8, fxsr, mmx, sse, sse2, sse3, ssse3, sse4.1, sse4.2, popcnt, ht

Memory: 4k page, physical 3128708k(876620k free), swap 6255660k(2576192k free)

vm_info: Java HotSpot(TM) Client VM (20.6-b01) for windows-x86 JRE (1.6.0_31-b05), built on Feb  3 2012 18:44:09 by "java_re" with MS VC++ 7.1 (VS2003)

time: Wed May 16 18:39:56 2012
elapsed time: 147 seconds

