#
# A fatal error has been detected by the Java Runtime Environment:
#
#  EXCEPTION_ACCESS_VIOLATION (0xc0000005) at pc=0x6d0a3750, pid=4848, tid=6724
#
# JRE version: 6.0_31-b05
# Java VM: Java HotSpot(TM) Client VM (20.6-b01 mixed mode, sharing windows-x86 )
# Problematic frame:
# C  [awt.dll+0xa3750]
#
# If you would like to submit a bug report, please visit:
#   http://java.sun.com/webapps/bugreport/crash.jsp
# The crash happened outside the Java Virtual Machine in native code.
# See problematic frame for where to report the bug.
#

---------------  T H R E A D  ---------------

Current thread (0x04031800):  JavaThread "AWT-EventQueue-0" [_thread_in_native, id=6724, stack(0x04330000,0x04380000)]

siginfo: ExceptionCode=0xc0000005, reading address 0x00000004

Registers:
EAX=0x0000000d, EBX=0x01a61b98, ECX=0x00000000, EDX=0x76e47094
ESP=0x0437ea2c, EBP=0x76d56640, ESI=0x0412d8a0, EDI=0x0101130a
EIP=0x6d0a3750, EFLAGS=0x00010297

Top of Stack: (sp=0x0437ea2c)
0x0437ea2c:   6d066d67 0101130a 0437eff0 04031928
0x0437ea3c:   0437ef48 01a61b98 6d04c96e 04031928
0x0437ea4c:   01a61b98 01a9e5d8 6d04c991 00000001
0x0437ea5c:   04031800 04031928 6d0643dc 04031928
0x0437ea6c:   0437eff0 04031800 37c041c8 386c9ce8
0x0437ea7c:   01a3abd8 01a3ac0c 01a3afcc 0437f704
0x0437ea8c:   01a9e5d8 0000000a 01a3ac00 0437eadc
0x0437ea9c:   6d97c3a1 0437ebe8 0137eb04 0437eb1c 

Instructions: (pc=0x6d0a3750)
0x6d0a3730:   8b 41 04 05 00 04 00 00 c3 cc cc cc cc cc cc cc
0x6d0a3740:   8b 41 04 8b 80 0c 0c 00 00 c3 cc cc cc cc cc cc
0x6d0a3750:   8b 49 04 85 c9 74 05 e9 04 7b fe ff 33 c0 c2 04
0x6d0a3760:   00 cc cc cc cc cc cc cc cc cc cc cc cc cc cc cc 


Register to memory mapping:

EAX=0x0000000d is an unknown value
EBX=0x01a61b98 is an unknown value
ECX=0x00000000 is an unknown value
EDX=0x76e47094 is an unknown value
ESP=0x0437ea2c is pointing into the stack for thread: 0x04031800
EBP=0x76d56640 is an unknown value
ESI=0x0412d8a0 is an unknown value
EDI=0x0101130a is an unknown value


Stack: [0x04330000,0x04380000],  sp=0x0437ea2c,  free space=314k
Native frames: (J=compiled Java code, j=interpreted, Vv=VM code, C=native code)
C  [awt.dll+0xa3750]  Java_sun_awt_Win32GraphicsEnvironment_isVistaOS+0x970

Java frames: (J=compiled Java code, j=interpreted, Vv=VM code)
j  sun.java2d.windows.GDIBlitLoops.nativeBlit(Lsun/java2d/SurfaceData;Lsun/java2d/SurfaceData;Lsun/java2d/pipe/Region;IIIIIIIIIZ)V+0
j  sun.java2d.windows.GDIBlitLoops.Blit(Lsun/java2d/SurfaceData;Lsun/java2d/SurfaceData;Ljava/awt/Composite;Lsun/java2d/pipe/Region;IIIIII)V+33
J  sun.java2d.pipe.DrawImage.blitSurfaceData(Lsun/java2d/SunGraphics2D;Lsun/java2d/pipe/Region;Lsun/java2d/SurfaceData;Lsun/java2d/SurfaceData;Lsun/java2d/loops/SurfaceType;Lsun/java2d/loops/SurfaceType;IIIIIILjava/awt/Color;)V
J  sun.java2d.pipe.DrawImage.renderImageCopy(Lsun/java2d/SunGraphics2D;Ljava/awt/Image;Ljava/awt/Color;IIIIII)Z
J  sun.java2d.pipe.DrawImage.copyImage(Lsun/java2d/SunGraphics2D;Ljava/awt/Image;IILjava/awt/Color;)Z
J  sun.java2d.pipe.DrawImage.copyImage(Lsun/java2d/SunGraphics2D;Ljava/awt/Image;IILjava/awt/Color;Ljava/awt/image/ImageObserver;)Z
J  sun.java2d.SunGraphics2D.drawImage(Ljava/awt/Image;IILjava/awt/Color;Ljava/awt/image/ImageObserver;)Z
J  sun.java2d.SunGraphics2D.drawImage(Ljava/awt/Image;IILjava/awt/image/ImageObserver;)Z
J  javax.swing.RepaintManager$PaintManager.paintDoubleBuffered(Ljavax/swing/JComponent;Ljava/awt/Image;Ljava/awt/Graphics;IIII)V
J  javax.swing.RepaintManager$PaintManager.paint(Ljavax/swing/JComponent;Ljavax/swing/JComponent;Ljava/awt/Graphics;IIII)Z
J  javax.swing.RepaintManager.paint(Ljavax/swing/JComponent;Ljavax/swing/JComponent;Ljava/awt/Graphics;IIII)V
J  javax.swing.JComponent._paintImmediately(IIII)V
J  javax.swing.JComponent.paintImmediately(IIII)V
J  javax.swing.RepaintManager.paintDirtyRegions(Ljava/util/Map;)V
J  javax.swing.RepaintManager.paintDirtyRegions()V
J  javax.swing.RepaintManager.prePaintDirtyRegions()V
J  javax.swing.RepaintManager$ProcessingRunnable.run()V
J  java.awt.event.InvocationEvent.dispatch()V
J  java.awt.EventQueue.dispatchEventImpl(Ljava/awt/AWTEvent;Ljava/lang/Object;)V
J  java.awt.EventQueue$1.run()Ljava/lang/Object;
v  ~StubRoutines::call_stub
J  java.security.AccessController.doPrivileged(Ljava/security/PrivilegedAction;Ljava/security/AccessControlContext;)Ljava/lang/Object;
J  java.awt.EventQueue.dispatchEvent(Ljava/awt/AWTEvent;)V
J  java.awt.EventDispatchThread.pumpOneEventForFilters(I)Z
J  java.awt.EventDispatchThread.pumpEventsForFilter(ILjava/awt/Conditional;Ljava/awt/EventFilter;)V
j  java.awt.EventDispatchThread.pumpEventsForHierarchy(ILjava/awt/Conditional;Ljava/awt/Component;)V+11
j  java.awt.EventDispatchThread.pumpEvents(ILjava/awt/Conditional;)V+4
j  java.awt.EventDispatchThread.pumpEvents(Ljava/awt/Conditional;)V+3
j  java.awt.EventDispatchThread.run()V+9
v  ~StubRoutines::call_stub

---------------  P R O C E S S  ---------------

Java Threads: ( => current thread )
  0x0413b400 JavaThread "Thread-4" [_thread_in_native, id=7784, stack(0x04740000,0x04790000)]
  0x04107400 JavaThread "D3D Screen Updater" daemon [_thread_blocked, id=4832, stack(0x08bf0000,0x08c40000)]
  0x040c2400 JavaThread "Swing-Shell" daemon [_thread_blocked, id=7968, stack(0x04a70000,0x04ac0000)]
  0x040cec00 JavaThread "TimerQueue" daemon [_thread_blocked, id=5904, stack(0x04790000,0x047e0000)]
  0x01b89c00 JavaThread "DestroyJavaVM" [_thread_blocked, id=6600, stack(0x00260000,0x002b0000)]
=>0x04031800 JavaThread "AWT-EventQueue-0" [_thread_in_native, id=6724, stack(0x04330000,0x04380000)]
  0x04031000 JavaThread "AWT-Windows" daemon [_thread_in_native, id=4264, stack(0x042e0000,0x04330000)]
  0x01aaf400 JavaThread "AWT-Shutdown" [_thread_blocked, id=4252, stack(0x03f80000,0x03fd0000)]
  0x01aacc00 JavaThread "Java2D Disposer" daemon [_thread_blocked, id=6948, stack(0x03f30000,0x03f80000)]
  0x01a54400 JavaThread "Low Memory Detector" daemon [_thread_blocked, id=4624, stack(0x03dd0000,0x03e20000)]
  0x01a40800 JavaThread "C1 CompilerThread0" daemon [_thread_blocked, id=7828, stack(0x03d80000,0x03dd0000)]
  0x01a3e400 JavaThread "Attach Listener" daemon [_thread_blocked, id=188, stack(0x03d30000,0x03d80000)]
  0x01a35c00 JavaThread "Signal Dispatcher" daemon [_thread_blocked, id=4012, stack(0x03ce0000,0x03d30000)]
  0x01a2b800 JavaThread "Finalizer" daemon [_thread_blocked, id=856, stack(0x03c90000,0x03ce0000)]
  0x01a2a000 JavaThread "Reference Handler" daemon [_thread_blocked, id=7812, stack(0x03c40000,0x03c90000)]

Other Threads:
  0x019ed400 VMThread [stack: 0x03bf0000,0x03c40000] [id=4768]
  0x01a5d400 WatcherThread [stack: 0x03e20000,0x03e70000] [id=6480]

VM state:not at safepoint (normal execution)

VM Mutex/Monitor currently owned by a thread: None

Heap
 def new generation   total 21056K, used 12873K [0x23ab0000, 0x25180000, 0x29000000)
  eden space 18752K,  62% used [0x23ab0000, 0x24632200, 0x24d00000)
  from space 2304K,  47% used [0x24f40000, 0x250503c8, 0x25180000)
  to   space 2304K,   0% used [0x24d00000, 0x24d00000, 0x24f40000)
 tenured generation   total 46644K, used 44627K [0x29000000, 0x2bd8d000, 0x33ab0000)
   the space 46644K,  95% used [0x29000000, 0x2bb94d18, 0x2bb94e00, 0x2bd8d000)
 compacting perm gen  total 12288K, used 2062K [0x33ab0000, 0x346b0000, 0x37ab0000)
   the space 12288K,  16% used [0x33ab0000, 0x33cb3a20, 0x33cb3c00, 0x346b0000)
    ro space 10240K,  51% used [0x37ab0000, 0x37fde318, 0x37fde400, 0x384b0000)
    rw space 12288K,  55% used [0x384b0000, 0x38b4a088, 0x38b4a200, 0x390b0000)

Code Cache  [0x01b90000, 0x01e18000, 0x03b90000)
 total_blobs=1720 nmethods=1504 adapters=149 free_code_cache=30920384 largest_free_block=320

Dynamic libraries:
0x00400000 - 0x00425000 	C:\Windows\system32\javaw.exe
0x76e00000 - 0x76f3c000 	C:\Windows\SYSTEM32\ntdll.dll
0x76af0000 - 0x76bc4000 	C:\Windows\system32\kernel32.dll
0x75240000 - 0x7528a000 	C:\Windows\system32\KERNELBASE.dll
0x75290000 - 0x75330000 	C:\Windows\system32\ADVAPI32.dll
0x76bd0000 - 0x76c7c000 	C:\Windows\system32\msvcrt.dll
0x76580000 - 0x76599000 	C:\Windows\SYSTEM32\sechost.dll
0x76f80000 - 0x77021000 	C:\Windows\system32\RPCRT4.dll
0x76760000 - 0x76829000 	C:\Windows\system32\USER32.dll
0x76d50000 - 0x76d9e000 	C:\Windows\system32\GDI32.dll
0x76f70000 - 0x76f7a000 	C:\Windows\system32\LPK.dll
0x75800000 - 0x7589d000 	C:\Windows\system32\USP10.dll
0x75330000 - 0x7534f000 	C:\Windows\system32\IMM32.DLL
0x76c80000 - 0x76d4c000 	C:\Windows\system32\MSCTF.dll
0x7c340000 - 0x7c396000 	C:\Program Files\Java\jre6\bin\msvcr71.dll
0x6d7f0000 - 0x6da9f000 	C:\Program Files\Java\jre6\bin\client\jvm.dll
0x73aa0000 - 0x73ad2000 	C:\Windows\system32\WINMM.dll
0x74ec0000 - 0x74f0c000 	C:\Windows\system32\apphelp.dll
0x6d7a0000 - 0x6d7ac000 	C:\Program Files\Java\jre6\bin\verify.dll
0x6d320000 - 0x6d33f000 	C:\Program Files\Java\jre6\bin\java.dll
0x6d7e0000 - 0x6d7ef000 	C:\Program Files\Java\jre6\bin\zip.dll
0x6d000000 - 0x6d14c000 	C:\Program Files\Java\jre6\bin\awt.dll
0x744a0000 - 0x744f1000 	C:\Windows\system32\WINSPOOL.DRV
0x756a0000 - 0x757fc000 	C:\Windows\system32\ole32.dll
0x73d40000 - 0x73ede000 	C:\Windows\WinSxS\x86_microsoft.windows.common-controls_6595b64144ccf1df_6.0.7601.17514_none_41e6975e2bd6f2b2\COMCTL32.dll
0x75640000 - 0x75697000 	C:\Windows\system32\SHLWAPI.dll
0x73b20000 - 0x73b33000 	C:\Windows\system32\DWMAPI.DLL
0x73a60000 - 0x73aa0000 	C:\Windows\system32\uxtheme.dll
0x10000000 - 0x1007d000 	C:\Program Files\Hewlett-Packard\HP ProtectTools Security Manager\Bin\DpoFeedb.dll
0x75380000 - 0x7540f000 	C:\Windows\system32\OLEAUT32.dll
0x74390000 - 0x74399000 	C:\Windows\system32\VERSION.dll
0x74650000 - 0x74667000 	C:\Windows\system32\USERENV.dll
0x74f90000 - 0x74f9b000 	C:\Windows\system32\profapi.dll
0x74f10000 - 0x74f1c000 	C:\Windows\system32\CRYPTBASE.dll
0x012e0000 - 0x012ef000 	C:\Program Files\Allway Sync\Bin\SyncHook.dll
0x5e930000 - 0x5e94f000 	C:\Program Files\Hewlett-Packard\HP ProtectTools Security Manager\Bin\DpoSet.dll
0x70780000 - 0x7080e000 	C:\Windows\WinSxS\x86_microsoft.vc90.crt_1fc8b3b9a1e18e3b_9.0.30729.6161_none_50934f2ebcb7eb57\MSVCP90.dll
0x710a0000 - 0x71143000 	C:\Windows\WinSxS\x86_microsoft.vc90.crt_1fc8b3b9a1e18e3b_9.0.30729.6161_none_50934f2ebcb7eb57\MSVCR90.dll
0x6d230000 - 0x6d27f000 	C:\Program Files\Java\jre6\bin\fontmanager.dll
0x73ee0000 - 0x73f05000 	C:\Windows\system32\powrprof.dll
0x75410000 - 0x755ad000 	C:\Windows\system32\SETUPAPI.dll
0x751f0000 - 0x75217000 	C:\Windows\system32\CFGMGR32.dll
0x75220000 - 0x75232000 	C:\Windows\system32\DEVOBJ.dll
0x75930000 - 0x7657a000 	C:\Windows\system32\shell32.dll
0x045a0000 - 0x045b2000 	C:\Program Files\Java\jre6\bin\rxtxSerial.dll
0x6c240000 - 0x6c267000 	C:\Windows\system32\crtdll.dll
0x6d600000 - 0x6d613000 	C:\Program Files\Java\jre6\bin\net.dll
0x75600000 - 0x75635000 	C:\Windows\system32\WS2_32.dll
0x76f50000 - 0x76f56000 	C:\Windows\system32\NSI.dll
0x749e0000 - 0x74a1c000 	C:\Windows\system32\mswsock.dll
0x749d0000 - 0x749d6000 	C:\Windows\System32\wship6.dll
0x6d620000 - 0x6d629000 	C:\Program Files\Java\jre6\bin\nio.dll
0x758a0000 - 0x75923000 	C:\Windows\system32\CLBCatQ.DLL
0x73c00000 - 0x73cf5000 	C:\Windows\system32\propsys.dll
0x73f10000 - 0x73f31000 	C:\Windows\system32\ntmarta.dll
0x755b0000 - 0x755f5000 	C:\Windows\system32\WLDAP32.dll
0x64820000 - 0x649b8000 	C:\Windows\system32\NetworkExplorer.dll
0x66760000 - 0x6678e000 	C:\Windows\System32\shdocvw.dll
0x72da0000 - 0x72daa000 	C:\Windows\system32\slc.dll
0x73650000 - 0x7374b000 	C:\Windows\system32\WindowsCodecs.dll
0x67150000 - 0x67162000 	C:\Program Files\Common Files\TortoiseOverlays\TortoiseOverlays.dll
0x67350000 - 0x6735d000 	C:\Program Files\TortoiseSVN\bin\TortoiseStub32.dll
0x67210000 - 0x6727a000 	C:\Program Files\TortoiseSVN\bin\TortoiseSVN32.dll
0x769d0000 - 0x76aeb000 	C:\Windows\system32\WININET.dll
0x76f40000 - 0x76f43000 	C:\Windows\system32\Normaliz.dll
0x765a0000 - 0x76758000 	C:\Windows\system32\iertutil.dll
0x768b0000 - 0x769c1000 	C:\Windows\system32\urlmon.dll
0x668f0000 - 0x66bdb000 	C:\Program Files\TortoiseSVN\bin\libsvn_tsvn32.dll
0x671c0000 - 0x671e4000 	C:\Program Files\TortoiseSVN\bin\libapr_tsvn32.dll
0x67090000 - 0x6714f000 	C:\Windows\system32\MSVCR100.dll
0x67180000 - 0x671b6000 	C:\Program Files\TortoiseSVN\bin\libaprutil_tsvn32.dll
0x67170000 - 0x6717d000 	C:\Program Files\TortoiseSVN\bin\intl3_tsvn32.dll
0x67070000 - 0x67083000 	C:\Program Files\TortoiseSVN\bin\libsasl32.dll
0x74d50000 - 0x74d58000 	C:\Windows\system32\Secur32.dll
0x74ea0000 - 0x74ebb000 	C:\Windows\system32\SSPICLI.DLL
0x75010000 - 0x7512d000 	C:\Windows\system32\CRYPT32.dll
0x75000000 - 0x7500c000 	C:\Windows\system32\MSASN1.dll
0x67000000 - 0x67069000 	C:\Windows\system32\MSVCP100.dll
0x08620000 - 0x08637000 	C:\Users\Matevz\AppData\Roaming\Dropbox\bin\DropboxExt.14.dll
0x6d510000 - 0x6d5fb000 	C:\Windows\system32\dbghelp.dll
0x7c3a0000 - 0x7c41b000 	C:\Users\Matevz\AppData\Roaming\Dropbox\bin\MSVCP71.dll
0x668b0000 - 0x668e1000 	C:\Windows\system32\EhStorShell.dll
0x65890000 - 0x65c9a000 	C:\PROGRA~1\MIF5BA~1\Office14\GROOVEEX.DLL
0x66f40000 - 0x66f6b000 	C:\Windows\WinSxS\x86_microsoft.vc90.atl_1fc8b3b9a1e18e3b_9.0.30729.6161_none_51cd0a7abbe4e19b\ATL90.DLL
0x65470000 - 0x6588a000 	C:\PROGRA~1\COMMON~1\MICROS~1\OFFICE14\Cultures\office.odf
0x64c00000 - 0x65465000 	C:\PROGRA~1\MIF5BA~1\Office14\1033\GrooveIntlResource.dll
0x70560000 - 0x70572000 	C:\Windows\system32\MPR.dll
0x6a950000 - 0x6a958000 	C:\Windows\System32\drprov.dll
0x745e0000 - 0x74609000 	C:\Windows\System32\WINSTA.dll
0x69150000 - 0x69164000 	C:\Windows\System32\ntlanman.dll
0x69170000 - 0x69187000 	C:\Windows\System32\davclnt.dll
0x6a880000 - 0x6a888000 	C:\Windows\System32\DAVHLPR.dll
0x73590000 - 0x7359f000 	C:\Windows\system32\wkscli.dll
0x08a60000 - 0x08a6b000 	C:\Windows\system32\cscapi.dll
0x739d0000 - 0x739d9000 	C:\Windows\system32\netutils.dll
0x649c0000 - 0x64bf8000 	C:\Windows\system32\wpdshext.dll
0x73840000 - 0x739d0000 	C:\Windows\WinSxS\x86_microsoft.windows.gdiplus_6595b64144ccf1df_1.1.7601.17514_none_72d18a4386696c80\gdiplus.dll
0x6a7b0000 - 0x6a839000 	C:\Windows\system32\PortableDeviceApi.dll
0x751c0000 - 0x751ed000 	C:\Windows\system32\WINTRUST.dll
0x73160000 - 0x7319f000 	C:\Windows\system32\audiodev.dll
0x609f0000 - 0x60c57000 	C:\Windows\system32\WMVCore.DLL
0x6a2a0000 - 0x6a2dd000 	C:\Windows\system32\WMASF.DLL
0x6aa00000 - 0x6aa22000 	C:\Windows\system32\EhStorAPI.dll
0x66750000 - 0x66759000 	C:\Windows\system32\LINKINFO.dll
0x73580000 - 0x7358f000 	C:\Windows\system32\samcli.dll
0x73b00000 - 0x73b12000 	C:\Windows\system32\SAMLIB.dll
0x6ce20000 - 0x6cfe3000 	C:\Windows\system32\d3d9.dll
0x6cad0000 - 0x6cad6000 	C:\Windows\system32\d3d8thk.dll
0x60c60000 - 0x617e3000 	C:\Windows\system32\nvd3dum.dll
0x76f60000 - 0x76f65000 	C:\Windows\system32\PSAPI.DLL

VM Arguments:
java_command: dist/OtaDebugger.jar
Launcher Type: SUN_STANDARD

Environment Variables:
JAVA_HOME=C:\Program Files\Java\jdk1.6.0_31
PATH=C:\Program Files\MiKTeX 2.9\miktex\bin;C:\Program Files\Common Files\Microsoft Shared\Windows Live;C:\Program Files\PHP\;C:\Program Files\NVIDIA Corporation\PhysX\Common;C:\CodeSourcery\bin;C:\Windows\system32;C:\Windows;C:\Windows\System32\Wbem;C:\Windows\System32\WindowsPowerShell\v1.0\;C:\Program Files\Hewlett-Packard\Drive Encryption\;C:\Program Files\ActivIdentity\ActivClient\;C:\Program Files\Windows Live\Shared;C:\cygwin\bin;C:\Program Files\OpenOCD\0.4.0\bin;C:\Program Files\MySQL\MySQL Server 5.5\bin;C:\Program Files\Microsoft SQL Server\100\Tools\Binn\;C:\Program Files\Microsoft SQL Server\100\DTS\Binn\;C:\Program Files\Intel\WiFi\bin\;C:\Program Files\Common Files\Intel\WirelessCommon\;C:\Program Files\MATLAB\R2010b\runtime\win32;C:\Program Files\MATLAB\R2010b\bin;C:\Program Files\Java\jdk1.6.0_27\bin;C:\Program Files\TortoiseSVN\bin;C:\Python27;D:\Program Files\apache-maven-3.0.3\bin;C:\Program Files\OpenOCD\0.4.0\bin;C:\Program Files\Intel\WiFi\bin\;C:\Program Files\Common Files\Intel\WirelessCommon\
USERNAME=Matevz
OS=Windows_NT
PROCESSOR_IDENTIFIER=x86 Family 6 Model 37 Stepping 5, GenuineIntel



---------------  S Y S T E M  ---------------

OS: Windows 7 Build 7601 Service Pack 1

CPU:total 4 (2 cores per cpu, 2 threads per core) family 6 model 37 stepping 5, cmov, cx8, fxsr, mmx, sse, sse2, sse3, ssse3, sse4.1, sse4.2, popcnt, ht

Memory: 4k page, physical 3128708k(1035360k free), swap 6255660k(3041552k free)

vm_info: Java HotSpot(TM) Client VM (20.6-b01) for windows-x86 JRE (1.6.0_31-b05), built on Feb  3 2012 18:44:09 by "java_re" with MS VC++ 7.1 (VS2003)

time: Fri Mar 30 12:02:14 2012
elapsed time: 3574 seconds

