#
# A fatal error has been detected by the Java Runtime Environment:
#
#  EXCEPTION_ACCESS_VIOLATION (0xc0000005) at pc=0x1e6a9ec4, pid=7136, tid=3228
#
# JRE version: 6.0_31-b05
# Java VM: Java HotSpot(TM) Client VM (20.6-b01 mixed mode windows-x86 )
# Problematic frame:
# C  [rxtxSerial.dll+0x9ec4]
#
# If you would like to submit a bug report, please visit:
#   http://java.sun.com/webapps/bugreport/crash.jsp
# The crash happened outside the Java Virtual Machine in native code.
# See problematic frame for where to report the bug.
#

---------------  T H R E A D  ---------------

Current thread (0x1ccb2000):  JavaThread "Thread-8" [_thread_in_native, id=3228, stack(0x1e7b0000,0x1e800000)]

siginfo: ExceptionCode=0xc0000005, writing address 0x1e7af9b0

Registers:
EAX=0x1e7af9a8, EBX=0x6d9603a0, ECX=0x7578189f, EDX=0x00000001
ESP=0x1e7ff860, EBP=0x1e7ffa48, ESI=0x146f3448, EDI=0x1ccb2000
EIP=0x1e6a9ec4, EFLAGS=0x00010202

Top of Stack: (sp=0x1e7ff860)
0x1e7ff860:   6d9603a0 1cc84920 00000758 1cc84900
0x1e7ff870:   00000024 00000001 00000000 00000000
0x1e7ff880:   00000000 00000000 00000000 1e7af9a8
0x1e7ff890:   00000015 00000001 00000001 00000001
0x1e7ff8a0:   1e7ff860 6d9bc6f4 1e7ffcf8 757a1425
0x1e7ff8b0:   6b89c173 fffffffe 757817c4 7741c2f3
0x1e7ff8c0:   00000758 ffffffff 00000000 00548078
0x1e7ff8d0:   00548078 00000006 0054eb60 77502f77 

Instructions: (pc=0x1e6a9ec4)
0x1e6a9ea4:   e8 03 00 00 e8 e3 73 ff ff 83 c4 10 e9 cb fd ff
0x1e6a9eb4:   ff 8d 76 00 8b 85 44 fe ff ff 8b 95 4c fe ff ff
0x1e6a9ec4:   89 50 08 8b 55 f4 89 d0 eb 02 89 f6 8b 9d 18 fe
0x1e6a9ed4:   ff ff c9 c3 54 69 6d 65 6f 75 74 54 68 72 65 73 


Register to memory mapping:

EAX=0x1e7af9a8 is an unknown value
EBX=0x6d9603a0 is an unknown value
ECX=0x7578189f is an unknown value
EDX=0x00000001 is an unknown value
ESP=0x1e7ff860 is pointing into the stack for thread: 0x1ccb2000
EBP=0x1e7ffa48 is pointing into the stack for thread: 0x1ccb2000
ESI=0x146f3448 is an oop
{constMethod} 
 - klass: {other class}
 - method:       0x146f3450 {method} 'readArray' '([BII)I' in 'gnu/io/RXTXPort'
 - exceptions:   0x13ae11e8
EDI=0x1ccb2000 is a thread


Stack: [0x1e7b0000,0x1e800000],  sp=0x1e7ff860,  free space=318k
Native frames: (J=compiled Java code, j=interpreted, Vv=VM code, C=native code)
C  [rxtxSerial.dll+0x9ec4]  Java_gnu_io_RXTXPort_nativeSetEndOfInputChar+0x404
C  [rxtxSerial.dll+0xa20b]  Java_gnu_io_RXTXPort_readArray+0xc3
j  gnu.io.RXTXPort.readArray([BII)I+0
j  gnu.io.RXTXPort$SerialInputStream.read([BII)I+187
J  gnu.io.RXTXPort$SerialInputStream.read([B)I
v  ~StubRoutines::call_stub
V  [jvm.dll+0xfac3b]
V  [jvm.dll+0x18c3a1]
V  [jvm.dll+0xfade1]
V  [jvm.dll+0xfae3b]
V  [jvm.dll+0xb5569]
V  [jvm.dll+0x118f14]
V  [jvm.dll+0x140ffc]
C  [msvcr71.dll+0x9565]  endthreadex+0xa0
C  [kernel32.dll+0x4ed6c]  BaseThreadInitThunk+0x12
C  [ntdll.dll+0x6377b]  RtlInitializeExceptionChain+0xef
C  [ntdll.dll+0x6374e]  RtlInitializeExceptionChain+0xc2

Java frames: (J=compiled Java code, j=interpreted, Vv=VM code)
j  gnu.io.RXTXPort.readArray([BII)I+0
j  gnu.io.RXTXPort$SerialInputStream.read([BII)I+187
J  gnu.io.RXTXPort$SerialInputStream.read([B)I
J  org.ijs.vesna.otadebugger.communicator.Comunicator$SerialReader.run()V
j  java.lang.Thread.run()V+11
v  ~StubRoutines::call_stub

---------------  P R O C E S S  ---------------

Java Threads: ( => current thread )
=>0x1ccb2000 JavaThread "Thread-8" [_thread_in_native, id=3228, stack(0x1e7b0000,0x1e800000)]
  0x1ccb1000 JavaThread "Thread-6" [_thread_in_Java, id=7432, stack(0x1c440000,0x1c490000)]
  0x17ff7400 JavaThread "Thread-5" [_thread_in_Java, id=7088, stack(0x1e6c0000,0x1e710000)]
  0x17f69800 JavaThread "SwingWorker-pool-2-thread-1" daemon [_thread_blocked, id=5004, stack(0x1e650000,0x1e6a0000)]
  0x1cc44000 JavaThread "D3D Screen Updater" daemon [_thread_blocked, id=7872, stack(0x1da30000,0x1da80000)]
  0x18150c00 JavaThread "Swing-Shell" daemon [_thread_blocked, id=1964, stack(0x1c4a0000,0x1c4f0000)]
  0x18129800 JavaThread "TimerQueue" daemon [_thread_blocked, id=1200, stack(0x1c3f0000,0x1c440000)]
  0x18036c00 JavaThread "org.netbeans.modules.debugger.jpda.visual AWT Access Loop" daemon [_thread_blocked, id=7996, stack(0x18660000,0x186b0000)]
  0x00549c00 JavaThread "DestroyJavaVM" [_thread_blocked, id=6772, stack(0x00180000,0x001d0000)]
  0x18036000 JavaThread "AWT-EventQueue-0" [_thread_blocked, id=7160, stack(0x18610000,0x18660000)]
  0x18032c00 JavaThread "AWT-Windows" daemon [_thread_in_native, id=7268, stack(0x183c0000,0x18410000)]
  0x18031c00 JavaThread "AWT-Shutdown" [_thread_blocked, id=4560, stack(0x181b0000,0x18200000)]
  0x18031400 JavaThread "Java2D Disposer" daemon [_thread_blocked, id=3544, stack(0x18160000,0x181b0000)]
  0x01a50800 JavaThread "Low Memory Detector" daemon [_thread_blocked, id=6660, stack(0x17ec0000,0x17f10000)]
  0x01a4c800 JavaThread "C1 CompilerThread0" daemon [_thread_blocked, id=6676, stack(0x17e70000,0x17ec0000)]
  0x01a3d800 JavaThread "JDWP Command Reader" daemon [_thread_in_native, id=8032, stack(0x17e20000,0x17e70000)]
  0x01a3cc00 JavaThread "JDWP Event Helper Thread" daemon [_thread_blocked, id=6688, stack(0x17dd0000,0x17e20000)]
  0x01a3a800 JavaThread "JDWP Transport Listener: dt_shmem" daemon [_thread_blocked, id=5836, stack(0x17d80000,0x17dd0000)]
  0x01a2dc00 JavaThread "Attach Listener" daemon [_thread_blocked, id=324, stack(0x17d30000,0x17d80000)]
  0x01a2ac00 JavaThread "Signal Dispatcher" daemon [_thread_blocked, id=7880, stack(0x17ce0000,0x17d30000)]
  0x019fe800 JavaThread "Finalizer" daemon [_thread_blocked, id=7680, stack(0x17c90000,0x17ce0000)]
  0x019f9c00 JavaThread "Reference Handler" daemon [_thread_blocked, id=5384, stack(0x17c40000,0x17c90000)]

Other Threads:
  0x019f5400 VMThread [stack: 0x17bf0000,0x17c40000] [id=2224]
  0x01a5bc00 WatcherThread [stack: 0x17f10000,0x17f60000] [id=268]

VM state:not at safepoint (normal execution)

VM Mutex/Monitor currently owned by a thread: None

Heap
 def new generation   total 4928K, used 3194K [0x03ae0000, 0x04030000, 0x09030000)
  eden space 4416K,  72% used [0x03ae0000, 0x03dfe438, 0x03f30000)
  from space 512K,   0% used [0x03f30000, 0x03f30430, 0x03fb0000)
  to   space 512K,   0% used [0x03fb0000, 0x03fb0000, 0x04030000)
 tenured generation   total 10944K, used 2128K [0x09030000, 0x09ae0000, 0x13ae0000)
   the space 10944K,  19% used [0x09030000, 0x09244188, 0x09244200, 0x09ae0000)
 compacting perm gen  total 12544K, used 12527K [0x13ae0000, 0x14720000, 0x17ae0000)
   the space 12544K,  99% used [0x13ae0000, 0x1471bca8, 0x1471be00, 0x14720000)
No shared spaces configured.

Code Cache  [0x01a60000, 0x01ba0000, 0x03a60000)
 total_blobs=777 nmethods=571 adapters=149 free_code_cache=32251136 largest_free_block=0

Dynamic libraries:
0x00400000 - 0x00425000 	C:\Program Files\Java\jdk1.6.0_31\bin\java.exe
0x774b0000 - 0x775ec000 	C:\Windows\SYSTEM32\ntdll.dll
0x773d0000 - 0x774a4000 	C:\Windows\system32\kernel32.dll
0x75780000 - 0x757ca000 	C:\Windows\system32\KERNELBASE.dll
0x77640000 - 0x776e0000 	C:\Windows\system32\ADVAPI32.dll
0x76ec0000 - 0x76f6c000 	C:\Windows\system32\msvcrt.dll
0x76ad0000 - 0x76ae9000 	C:\Windows\SYSTEM32\sechost.dll
0x76c50000 - 0x76cf1000 	C:\Windows\system32\RPCRT4.dll
0x7c340000 - 0x7c396000 	C:\Program Files\Java\jdk1.6.0_31\jre\bin\msvcr71.dll
0x6d8c0000 - 0x6db6f000 	C:\Program Files\Java\jdk1.6.0_31\jre\bin\client\jvm.dll
0x75c80000 - 0x75d49000 	C:\Windows\system32\USER32.dll
0x775f0000 - 0x7763e000 	C:\Windows\system32\GDI32.dll
0x75a30000 - 0x75a3a000 	C:\Windows\system32\LPK.dll
0x77130000 - 0x771cd000 	C:\Windows\system32\USP10.dll
0x73ed0000 - 0x73f02000 	C:\Windows\system32\WINMM.dll
0x76ea0000 - 0x76ebf000 	C:\Windows\system32\IMM32.DLL
0x76af0000 - 0x76bbc000 	C:\Windows\system32\MSCTF.dll
0x75540000 - 0x7558c000 	C:\Windows\system32\apphelp.dll
0x6d870000 - 0x6d87c000 	C:\Program Files\Java\jdk1.6.0_31\jre\bin\verify.dll
0x6d3d0000 - 0x6d3ef000 	C:\Program Files\Java\jdk1.6.0_31\jre\bin\java.dll
0x6d420000 - 0x6d449000 	C:\Program Files\Java\jdk1.6.0_31\jre\bin\jdwp.dll
0x6d740000 - 0x6d746000 	C:\Program Files\Java\jdk1.6.0_31\jre\bin\npt.dll
0x6d8b0000 - 0x6d8bf000 	C:\Program Files\Java\jdk1.6.0_31\jre\bin\zip.dll
0x6d2a0000 - 0x6d2a8000 	C:\Program Files\Java\jdk1.6.0_31\jre\bin\dt_shmem.dll
0x6d0b0000 - 0x6d1fc000 	C:\Program Files\Java\jdk1.6.0_31\jre\bin\awt.dll
0x74b50000 - 0x74ba1000 	C:\Windows\system32\WINSPOOL.DRV
0x77270000 - 0x773cc000 	C:\Windows\system32\ole32.dll
0x74440000 - 0x745de000 	C:\Windows\WinSxS\x86_microsoft.windows.common-controls_6595b64144ccf1df_6.0.7601.17514_none_41e6975e2bd6f2b2\COMCTL32.dll
0x75c20000 - 0x75c77000 	C:\Windows\system32\SHLWAPI.dll
0x73f40000 - 0x73f53000 	C:\Windows\system32\DWMAPI.DLL
0x742c0000 - 0x74300000 	C:\Windows\system32\uxtheme.dll
0x18410000 - 0x1848d000 	C:\Program Files\Hewlett-Packard\HP ProtectTools Security Manager\Bin\DpoFeedb.dll
0x771e0000 - 0x7726f000 	C:\Windows\system32\OLEAUT32.dll
0x74a40000 - 0x74a49000 	C:\Windows\system32\VERSION.dll
0x74cf0000 - 0x74d07000 	C:\Windows\system32\USERENV.dll
0x75640000 - 0x7564b000 	C:\Windows\system32\profapi.dll
0x75590000 - 0x7559c000 	C:\Windows\system32\CRYPTBASE.dll
0x18200000 - 0x1820f000 	C:\Program Files\Allway Sync\Bin\SyncHook.dll
0x639e0000 - 0x639ff000 	C:\Program Files\Hewlett-Packard\HP ProtectTools Security Manager\Bin\DpoSet.dll
0x70330000 - 0x703be000 	C:\Windows\WinSxS\x86_microsoft.vc90.crt_1fc8b3b9a1e18e3b_9.0.30729.6161_none_50934f2ebcb7eb57\MSVCP90.dll
0x716b0000 - 0x71753000 	C:\Windows\WinSxS\x86_microsoft.vc90.crt_1fc8b3b9a1e18e3b_9.0.30729.6161_none_50934f2ebcb7eb57\MSVCR90.dll
0x6d2e0000 - 0x6d32f000 	C:\Program Files\Java\jdk1.6.0_31\jre\bin\fontmanager.dll
0x6d510000 - 0x6d6d3000 	C:\Windows\system32\d3d9.dll
0x6d400000 - 0x6d406000 	C:\Windows\system32\d3d8thk.dll
0x5d120000 - 0x5dca3000 	C:\Windows\system32\nvd3dum.dll
0x74080000 - 0x740a5000 	C:\Windows\system32\powrprof.dll
0x75a80000 - 0x75c1d000 	C:\Windows\system32\SETUPAPI.dll
0x75910000 - 0x75937000 	C:\Windows\system32\CFGMGR32.dll
0x757d0000 - 0x757e2000 	C:\Windows\system32\DEVOBJ.dll
0x75e80000 - 0x76aca000 	C:\Windows\system32\shell32.dll
0x1bb30000 - 0x1bb43000 	C:\Program Files\Java\jdk1.6.0_31\jre\bin\net.dll
0x75a40000 - 0x75a75000 	C:\Windows\system32\WS2_32.dll
0x771d0000 - 0x771d6000 	C:\Windows\system32\NSI.dll
0x75070000 - 0x750ac000 	C:\Windows\system32\mswsock.dll
0x75240000 - 0x75246000 	C:\Windows\System32\wship6.dll
0x1bb50000 - 0x1bb59000 	C:\Program Files\Java\jdk1.6.0_31\jre\bin\nio.dll
0x76bc0000 - 0x76c43000 	C:\Windows\system32\CLBCatQ.DLL
0x74300000 - 0x743f5000 	C:\Windows\system32\propsys.dll
0x74640000 - 0x74661000 	C:\Windows\system32\ntmarta.dll
0x759b0000 - 0x759f5000 	C:\Windows\system32\WLDAP32.dll
0x618e0000 - 0x61a78000 	C:\Windows\system32\NetworkExplorer.dll
0x62f00000 - 0x62f2e000 	C:\Windows\System32\shdocvw.dll
0x73450000 - 0x7345a000 	C:\Windows\system32\slc.dll
0x73d00000 - 0x73dfb000 	C:\Windows\system32\WindowsCodecs.dll
0x6b3f0000 - 0x6b402000 	C:\Program Files\Common Files\TortoiseOverlays\TortoiseOverlays.dll
0x1c790000 - 0x1c79d000 	C:\Program Files\TortoiseSVN\bin\TortoiseStub32.dll
0x67a20000 - 0x67a8a000 	C:\Program Files\TortoiseSVN\bin\TortoiseSVN32.dll
0x76d80000 - 0x76e9b000 	C:\Windows\system32\WININET.dll
0x75d50000 - 0x75d53000 	C:\Windows\system32\Normaliz.dll
0x76f70000 - 0x77128000 	C:\Windows\system32\iertutil.dll
0x75d60000 - 0x75e71000 	C:\Windows\system32\urlmon.dll
0x62f30000 - 0x6321b000 	C:\Program Files\TortoiseSVN\bin\libsvn_tsvn32.dll
0x6b3c0000 - 0x6b3e4000 	C:\Program Files\TortoiseSVN\bin\libapr_tsvn32.dll
0x642d0000 - 0x6438f000 	C:\Windows\system32\MSVCR100.dll
0x679e0000 - 0x67a16000 	C:\Program Files\TortoiseSVN\bin\libaprutil_tsvn32.dll
0x6b0f0000 - 0x6b0fd000 	C:\Program Files\TortoiseSVN\bin\intl3_tsvn32.dll
0x697c0000 - 0x697d3000 	C:\Program Files\TortoiseSVN\bin\libsasl32.dll
0x753e0000 - 0x753e8000 	C:\Windows\system32\Secur32.dll
0x75520000 - 0x7553b000 	C:\Windows\system32\SSPICLI.DLL
0x757f0000 - 0x7590d000 	C:\Windows\system32\CRYPT32.dll
0x756b0000 - 0x756bc000 	C:\Windows\system32\MSASN1.dll
0x64260000 - 0x642c9000 	C:\Windows\system32\MSVCP100.dll
0x1c800000 - 0x1c817000 	C:\Users\Matevz\AppData\Roaming\Dropbox\bin\DropboxExt.14.dll
0x6dd70000 - 0x6de5b000 	C:\Windows\system32\dbghelp.dll
0x7c3a0000 - 0x7c41b000 	C:\Users\Matevz\AppData\Roaming\Dropbox\bin\MSVCP71.dll
0x679a0000 - 0x679d1000 	C:\Windows\system32\EhStorShell.dll
0x62710000 - 0x62b1a000 	C:\PROGRA~1\MIF5BA~1\Office14\GROOVEEX.DLL
0x69740000 - 0x6976b000 	C:\Windows\WinSxS\x86_microsoft.vc90.atl_1fc8b3b9a1e18e3b_9.0.30729.6161_none_51cd0a7abbe4e19b\ATL90.DLL
0x622f0000 - 0x6270a000 	C:\PROGRA~1\COMMON~1\MICROS~1\OFFICE14\Cultures\office.odf
0x61a80000 - 0x622e5000 	C:\PROGRA~1\MIF5BA~1\Office14\1033\GrooveIntlResource.dll
0x70020000 - 0x70032000 	C:\Windows\system32\MPR.dll
0x726f0000 - 0x726f8000 	C:\Windows\System32\drprov.dll
0x755a0000 - 0x755c9000 	C:\Windows\System32\WINSTA.dll
0x699d0000 - 0x699e4000 	C:\Windows\System32\ntlanman.dll
0x6d850000 - 0x6d867000 	C:\Windows\System32\davclnt.dll
0x72700000 - 0x72708000 	C:\Windows\System32\DAVHLPR.dll
0x73cd0000 - 0x73cdf000 	C:\Windows\system32\wkscli.dll
0x6de60000 - 0x6de6b000 	C:\Windows\system32\cscapi.dll
0x73ec0000 - 0x73ec9000 	C:\Windows\system32\netutils.dll
0x62b30000 - 0x62d68000 	C:\Windows\system32\wpdshext.dll
0x74130000 - 0x742c0000 	C:\Windows\WinSxS\x86_microsoft.windows.gdiplus_6595b64144ccf1df_1.1.7601.17825_none_72d273598668a06b\gdiplus.dll
0x6ae70000 - 0x6aef9000 	C:\Windows\system32\PortableDeviceApi.dll
0x756c0000 - 0x756ed000 	C:\Windows\system32\WINTRUST.dll
0x67420000 - 0x6745f000 	C:\Windows\system32\audiodev.dll
0x6a7b0000 - 0x6aa17000 	C:\Windows\system32\WMVCore.DLL
0x71a80000 - 0x71abd000 	C:\Windows\system32\WMASF.DLL
0x640f0000 - 0x64112000 	C:\Windows\system32\EhStorAPI.dll
0x687a0000 - 0x687a9000 	C:\Windows\system32\LINKINFO.dll
0x73cc0000 - 0x73ccf000 	C:\Windows\system32\samcli.dll
0x74400000 - 0x74412000 	C:\Windows\system32\SAMLIB.dll
0x1e6a0000 - 0x1e6b2000 	C:\Program Files\Java\jdk1.6.0_31\jre\bin\rxtxSerial.dll
0x6c240000 - 0x6c267000 	C:\Windows\system32\crtdll.dll
0x759a0000 - 0x759a5000 	C:\Windows\system32\PSAPI.DLL

VM Arguments:
jvm_args: -Xdebug -Xrunjdwp:transport=dt_shmem,address=javadebug -Dfile.encoding=UTF-8 
java_command: org.ijs.vesna.otadebugger.gui.OtaDebuggerGui
Launcher Type: SUN_STANDARD

Environment Variables:
JAVA_HOME=C:\Program Files\Java\jdk1.6.0_31
PATH=C:\Program Files\MiKTeX 2.9\miktex\bin;C:\Program Files\Common Files\Microsoft Shared\Windows Live;C:\Program Files\PHP\;C:\Program Files\NVIDIA Corporation\PhysX\Common;C:\CodeSourcery\bin;C:\Windows\system32;C:\Windows;C:\Windows\System32\Wbem;C:\Windows\System32\WindowsPowerShell\v1.0\;C:\Program Files\Hewlett-Packard\Drive Encryption\;C:\Program Files\ActivIdentity\ActivClient\;C:\Program Files\Windows Live\Shared;C:\cygwin\bin;C:\Program Files\OpenOCD\0.4.0\bin;C:\Program Files\MySQL\MySQL Server 5.5\bin;C:\Program Files\Microsoft SQL Server\100\Tools\Binn\;C:\Program Files\Microsoft SQL Server\100\DTS\Binn\;C:\Program Files\Intel\WiFi\bin\;C:\Program Files\Common Files\Intel\WirelessCommon\;C:\Program Files\MATLAB\R2010b\runtime\win32;C:\Program Files\MATLAB\R2010b\bin;C:\Program Files\Java\jdk1.6.0_27\bin;C:\Program Files\TortoiseSVN\bin;C:\Python27;D:\Program Files\apache-maven-3.0.3\bin;C:\Program Files\OpenOCD\0.4.0\bin;C:\Program Files\Intel\WiFi\bin\;C:\Program Files\Common Files\Intel\WirelessCommon\;C:\Program Files\Java\jre6\bin;C:\Program Files\Java\jdk1.6.0_31\bin
USERNAME=Matevz
OS=Windows_NT
PROCESSOR_IDENTIFIER=x86 Family 6 Model 37 Stepping 5, GenuineIntel



---------------  S Y S T E M  ---------------

OS: Windows 7 Build 7601 Service Pack 1

CPU:total 4 (2 cores per cpu, 2 threads per core) family 6 model 37 stepping 5, cmov, cx8, fxsr, mmx, sse, sse2, sse3, ssse3, sse4.1, sse4.2, popcnt, ht

Memory: 4k page, physical 3128708k(828092k free), swap 6255660k(2826260k free)

vm_info: Java HotSpot(TM) Client VM (20.6-b01) for windows-x86 JRE (1.6.0_31-b05), built on Feb  3 2012 18:44:09 by "java_re" with MS VC++ 7.1 (VS2003)

time: Thu May 17 13:15:18 2012
elapsed time: 61 seconds

